<?xml version="1.0" encoding="UTF-8"?>
<!-- Generated by org.testng.reporters.JUnitReportReporter -->
<testsuite hostname="DESKTOP-ER4I9TE" failures="0" tests="1" name="com.automation.script.Testcase2" time="20.302" errors="0" timestamp="2023-02-25T19:32:49 IST" skipped="0">
  <testcase classname="com.automation.script.Testcase2" name="tc2" time="20.302"/>
  <system-out/>
</testsuite> <!-- com.automation.script.Testcase2 -->
